2022-10-24 11:52:10,024 - project - DEBUG - Starting the application...
2022-10-24 11:52:10,025 - project - DEBUG - Getting vlille infos
2022-10-24 11:52:11,910 - project - DEBUG - Start fetching the update from vlille
2022-10-24 11:52:11,912 - project - DEBUG - Getting vlille infos
2022-10-24 11:52:12,842 - project - DEBUG - Updating databse : 260 elements to update
2022-10-24 11:52:12,951 - project - DEBUG - Element 1/260 updated!
2022-10-24 11:52:13,156 - project - DEBUG - Element 2/260 updated!
2022-10-24 11:52:13,361 - project - DEBUG - Element 3/260 updated!
2022-10-24 11:52:13,434 - project - DEBUG - Element 4/260 updated!
2022-10-24 11:52:13,508 - project - DEBUG - Element 5/260 updated!
2022-10-24 11:52:13,588 - project - DEBUG - Element 6/260 updated!
2022-10-24 11:52:13,669 - project - DEBUG - Element 7/260 updated!
2022-10-24 11:52:13,749 - project - DEBUG - Element 8/260 updated!
2022-10-24 11:52:13,828 - project - DEBUG - Element 9/260 updated!
2022-10-24 11:52:13,908 - project - DEBUG - Element 10/260 updated!
2022-10-24 11:52:13,988 - project - DEBUG - Element 11/260 updated!
2022-10-24 11:52:14,069 - project - DEBUG - Element 12/260 updated!
2022-10-24 11:52:14,149 - project - DEBUG - Element 13/260 updated!
2022-10-24 11:52:14,385 - project - DEBUG - Element 14/260 updated!
2022-10-24 11:52:14,459 - project - DEBUG - Element 15/260 updated!
2022-10-24 11:52:14,556 - project - DEBUG - Element 16/260 updated!
2022-10-24 11:52:14,628 - project - DEBUG - Element 17/260 updated!
2022-10-24 11:52:14,709 - project - DEBUG - Element 18/260 updated!
2022-10-24 11:52:14,788 - project - DEBUG - Element 19/260 updated!
2022-10-24 11:52:14,851 - project - DEBUG - Element 20/260 updated!
2022-10-24 11:52:14,908 - project - DEBUG - Element 21/260 updated!
2022-10-24 11:52:14,988 - project - DEBUG - Element 22/260 updated!
2022-10-24 11:52:15,068 - project - DEBUG - Element 23/260 updated!
2022-10-24 11:52:15,149 - project - DEBUG - Element 24/260 updated!
2022-10-24 11:52:15,228 - project - DEBUG - Element 25/260 updated!
2022-10-24 11:52:15,308 - project - DEBUG - Element 26/260 updated!
2022-10-24 11:52:15,388 - project - DEBUG - Element 27/260 updated!
2022-10-24 11:52:15,468 - project - DEBUG - Element 28/260 updated!
2022-10-24 11:52:15,548 - project - DEBUG - Element 29/260 updated!
2022-10-24 11:52:15,629 - project - DEBUG - Element 30/260 updated!
2022-10-24 11:52:15,708 - project - DEBUG - Element 31/260 updated!
2022-10-24 11:52:15,791 - project - DEBUG - Element 32/260 updated!
2022-10-24 11:52:15,868 - project - DEBUG - Element 33/260 updated!
2022-10-24 11:52:15,948 - project - DEBUG - Element 34/260 updated!
2022-10-24 11:52:16,028 - project - DEBUG - Element 35/260 updated!
2022-10-24 11:52:16,116 - project - DEBUG - Element 36/260 updated!
2022-10-24 11:52:16,194 - project - DEBUG - Element 37/260 updated!
2022-10-24 11:52:16,268 - project - DEBUG - Element 38/260 updated!
2022-10-24 11:52:16,349 - project - DEBUG - Element 39/260 updated!
2022-10-24 11:52:16,428 - project - DEBUG - Element 40/260 updated!
2022-10-24 11:52:16,508 - project - DEBUG - Element 41/260 updated!
2022-10-24 11:52:16,589 - project - DEBUG - Element 42/260 updated!
2022-10-24 11:52:16,668 - project - DEBUG - Element 43/260 updated!
2022-10-24 11:52:16,751 - project - DEBUG - Element 44/260 updated!
2022-10-24 11:52:16,829 - project - DEBUG - Element 45/260 updated!
2022-10-24 11:52:16,908 - project - DEBUG - Element 46/260 updated!
2022-10-24 11:52:16,988 - project - DEBUG - Element 47/260 updated!
2022-10-24 11:52:17,069 - project - DEBUG - Element 48/260 updated!
2022-10-24 11:52:17,150 - project - DEBUG - Element 49/260 updated!
2022-10-24 11:52:17,230 - project - DEBUG - Element 50/260 updated!
2022-10-24 11:52:17,332 - project - DEBUG - Element 51/260 updated!
2022-10-24 11:52:17,388 - project - DEBUG - Element 52/260 updated!
2022-10-24 11:52:17,469 - project - DEBUG - Element 53/260 updated!
2022-10-24 11:52:17,548 - project - DEBUG - Element 54/260 updated!
2022-10-24 11:52:17,628 - project - DEBUG - Element 55/260 updated!
2022-10-24 11:52:17,710 - project - DEBUG - Element 56/260 updated!
2022-10-24 11:52:17,788 - project - DEBUG - Element 57/260 updated!
2022-10-24 11:52:17,868 - project - DEBUG - Element 58/260 updated!
2022-10-24 11:52:17,948 - project - DEBUG - Element 59/260 updated!
2022-10-24 11:52:18,028 - project - DEBUG - Element 60/260 updated!
2022-10-24 11:52:18,108 - project - DEBUG - Element 61/260 updated!
2022-10-24 11:52:18,188 - project - DEBUG - Element 62/260 updated!
2022-10-24 11:52:18,268 - project - DEBUG - Element 63/260 updated!
2022-10-24 11:52:18,352 - project - DEBUG - Element 64/260 updated!
2022-10-24 11:52:18,428 - project - DEBUG - Element 65/260 updated!
2022-10-24 11:52:18,508 - project - DEBUG - Element 66/260 updated!
2022-10-24 11:52:18,588 - project - DEBUG - Element 67/260 updated!
2022-10-24 11:52:18,668 - project - DEBUG - Element 68/260 updated!
2022-10-24 11:52:18,748 - project - DEBUG - Element 69/260 updated!
2022-10-24 11:52:18,828 - project - DEBUG - Element 70/260 updated!
2022-10-24 11:52:18,910 - project - DEBUG - Element 71/260 updated!
2022-10-24 11:52:18,958 - project - DEBUG - Element 72/260 updated!
2022-10-24 11:52:19,029 - project - DEBUG - Element 73/260 updated!
2022-10-24 11:52:19,083 - project - DEBUG - Element 74/260 updated!
2022-10-24 11:52:19,155 - project - DEBUG - Element 75/260 updated!
2022-10-24 11:52:19,199 - project - DEBUG - Element 76/260 updated!
2022-10-24 11:52:19,253 - project - DEBUG - Element 77/260 updated!
2022-10-24 11:52:19,303 - project - DEBUG - Element 78/260 updated!
2022-10-24 11:52:19,358 - project - DEBUG - Element 79/260 updated!
2022-10-24 11:52:19,483 - project - DEBUG - Element 80/260 updated!
2022-10-24 11:52:19,559 - project - DEBUG - Element 81/260 updated!
2022-10-24 11:52:19,671 - project - DEBUG - Element 82/260 updated!
2022-10-24 11:52:19,758 - project - DEBUG - Element 83/260 updated!
2022-10-24 11:52:19,828 - project - DEBUG - Element 84/260 updated!
2022-10-24 11:52:19,908 - project - DEBUG - Element 85/260 updated!
2022-10-24 11:52:19,988 - project - DEBUG - Element 86/260 updated!
2022-10-24 11:52:20,070 - project - DEBUG - Element 87/260 updated!
2022-10-24 11:52:20,148 - project - DEBUG - Element 88/260 updated!
2022-10-24 11:52:20,252 - project - DEBUG - Element 89/260 updated!
2022-10-24 11:52:20,309 - project - DEBUG - Element 90/260 updated!
2022-10-24 11:52:20,388 - project - DEBUG - Element 91/260 updated!
2022-10-24 11:52:20,453 - project - DEBUG - Element 92/260 updated!
2022-10-24 11:52:20,499 - project - DEBUG - Element 93/260 updated!
2022-10-24 11:52:20,549 - project - DEBUG - Element 94/260 updated!
2022-10-24 11:52:20,631 - project - DEBUG - Element 95/260 updated!
2022-10-24 11:52:20,708 - project - DEBUG - Element 96/260 updated!
2022-10-24 11:52:20,773 - project - DEBUG - Element 97/260 updated!
2022-10-24 11:52:20,828 - project - DEBUG - Element 98/260 updated!
2022-10-24 11:52:20,914 - project - DEBUG - Element 99/260 updated!
2022-10-24 11:52:20,973 - project - DEBUG - Element 100/260 updated!
2022-10-24 11:52:21,029 - project - DEBUG - Element 101/260 updated!
2022-10-24 11:52:21,094 - project - DEBUG - Element 102/260 updated!
2022-10-24 11:52:21,150 - project - DEBUG - Element 103/260 updated!
2022-10-24 11:52:21,213 - project - DEBUG - Element 104/260 updated!
2022-10-24 11:52:21,270 - project - DEBUG - Element 105/260 updated!
2022-10-24 11:52:21,333 - project - DEBUG - Element 106/260 updated!
2022-10-24 11:52:21,388 - project - DEBUG - Element 107/260 updated!
2022-10-24 11:52:21,453 - project - DEBUG - Element 108/260 updated!
2022-10-24 11:52:21,508 - project - DEBUG - Element 109/260 updated!
2022-10-24 11:52:21,573 - project - DEBUG - Element 110/260 updated!
2022-10-24 11:52:21,860 - project - DEBUG - Element 111/260 updated!
2022-10-24 11:52:21,950 - project - DEBUG - Element 112/260 updated!
2022-10-24 11:52:22,030 - project - DEBUG - Element 113/260 updated!
2022-10-24 11:52:22,108 - project - DEBUG - Element 114/260 updated!
2022-10-24 11:52:22,189 - project - DEBUG - Element 115/260 updated!
2022-10-24 11:52:22,268 - project - DEBUG - Element 116/260 updated!
2022-10-24 11:52:22,349 - project - DEBUG - Element 117/260 updated!
2022-10-24 11:52:22,428 - project - DEBUG - Element 118/260 updated!
2022-10-24 11:52:22,508 - project - DEBUG - Element 119/260 updated!
2022-10-24 11:52:22,588 - project - DEBUG - Element 120/260 updated!
2022-10-24 11:52:22,668 - project - DEBUG - Element 121/260 updated!
2022-10-24 11:52:22,748 - project - DEBUG - Element 122/260 updated!
2022-10-24 11:52:22,828 - project - DEBUG - Element 123/260 updated!
2022-10-24 11:52:22,908 - project - DEBUG - Element 124/260 updated!
2022-10-24 11:52:22,988 - project - DEBUG - Element 125/260 updated!
2022-10-24 11:52:23,069 - project - DEBUG - Element 126/260 updated!
2022-10-24 11:52:23,148 - project - DEBUG - Element 127/260 updated!
2022-10-24 11:52:23,229 - project - DEBUG - Element 128/260 updated!
2022-10-24 11:52:23,311 - project - DEBUG - Element 129/260 updated!
2022-10-24 11:52:23,388 - project - DEBUG - Element 130/260 updated!
2022-10-24 11:52:23,474 - project - DEBUG - Element 131/260 updated!
2022-10-24 11:52:23,548 - project - DEBUG - Element 132/260 updated!
2022-10-24 11:52:23,630 - project - DEBUG - Element 133/260 updated!
2022-10-24 11:52:23,709 - project - DEBUG - Element 134/260 updated!
2022-10-24 11:52:23,788 - project - DEBUG - Element 135/260 updated!
2022-10-24 11:52:23,868 - project - DEBUG - Element 136/260 updated!
2022-10-24 11:52:23,948 - project - DEBUG - Element 137/260 updated!
2022-10-24 11:52:24,028 - project - DEBUG - Element 138/260 updated!
2022-10-24 11:52:24,108 - project - DEBUG - Element 139/260 updated!
2022-10-24 11:52:24,215 - project - DEBUG - Element 140/260 updated!
2022-10-24 11:52:24,268 - project - DEBUG - Element 141/260 updated!
2022-10-24 11:52:24,348 - project - DEBUG - Element 142/260 updated!
2022-10-24 11:52:24,428 - project - DEBUG - Element 143/260 updated!
2022-10-24 11:52:24,508 - project - DEBUG - Element 144/260 updated!
2022-10-24 11:52:24,590 - project - DEBUG - Element 145/260 updated!
2022-10-24 11:52:24,654 - project - DEBUG - Element 146/260 updated!
2022-10-24 11:52:24,708 - project - DEBUG - Element 147/260 updated!
2022-10-24 11:52:24,788 - project - DEBUG - Element 148/260 updated!
2022-10-24 11:52:24,868 - project - DEBUG - Element 149/260 updated!
2022-10-24 11:52:24,957 - project - DEBUG - Element 150/260 updated!
2022-10-24 11:52:25,028 - project - DEBUG - Element 151/260 updated!
2022-10-24 11:52:25,108 - project - DEBUG - Element 152/260 updated!
2022-10-24 11:52:25,189 - project - DEBUG - Element 153/260 updated!
2022-10-24 11:52:25,268 - project - DEBUG - Element 154/260 updated!
2022-10-24 11:52:25,348 - project - DEBUG - Element 155/260 updated!
2022-10-24 11:52:25,430 - project - DEBUG - Element 156/260 updated!
2022-10-24 11:52:25,516 - project - DEBUG - Element 157/260 updated!
2022-10-24 11:52:25,588 - project - DEBUG - Element 158/260 updated!
2022-10-24 11:52:25,668 - project - DEBUG - Element 159/260 updated!
2022-10-24 11:52:25,750 - project - DEBUG - Element 160/260 updated!
2022-10-24 11:52:25,829 - project - DEBUG - Element 161/260 updated!
2022-10-24 11:52:25,908 - project - DEBUG - Element 162/260 updated!
2022-10-24 11:52:25,989 - project - DEBUG - Element 163/260 updated!
2022-10-24 11:52:26,068 - project - DEBUG - Element 164/260 updated!
2022-10-24 11:52:26,148 - project - DEBUG - Element 165/260 updated!
2022-10-24 11:52:26,230 - project - DEBUG - Element 166/260 updated!
2022-10-24 11:52:26,309 - project - DEBUG - Element 167/260 updated!
2022-10-24 11:52:26,390 - project - DEBUG - Element 168/260 updated!
2022-10-24 11:52:26,468 - project - DEBUG - Element 169/260 updated!
2022-10-24 11:52:26,549 - project - DEBUG - Element 170/260 updated!
2022-10-24 11:52:26,628 - project - DEBUG - Element 171/260 updated!
2022-10-24 11:52:26,726 - project - DEBUG - Element 172/260 updated!
2022-10-24 11:52:26,828 - project - DEBUG - Element 173/260 updated!
2022-10-24 11:52:26,908 - project - DEBUG - Element 174/260 updated!
2022-10-24 11:52:26,988 - project - DEBUG - Element 175/260 updated!
2022-10-24 11:52:27,068 - project - DEBUG - Element 176/260 updated!
2022-10-24 11:52:27,150 - project - DEBUG - Element 177/260 updated!
2022-10-24 11:52:27,228 - project - DEBUG - Element 178/260 updated!
2022-10-24 11:52:27,309 - project - DEBUG - Element 179/260 updated!
2022-10-24 11:52:27,389 - project - DEBUG - Element 180/260 updated!
2022-10-24 11:52:27,469 - project - DEBUG - Element 181/260 updated!
2022-10-24 11:52:27,548 - project - DEBUG - Element 182/260 updated!
2022-10-24 11:52:27,629 - project - DEBUG - Element 183/260 updated!
2022-10-24 11:52:27,708 - project - DEBUG - Element 184/260 updated!
2022-10-24 11:52:27,824 - project - DEBUG - Element 185/260 updated!
2022-10-24 11:52:27,908 - project - DEBUG - Element 186/260 updated!
2022-10-24 11:52:27,988 - project - DEBUG - Element 187/260 updated!
2022-10-24 11:52:28,070 - project - DEBUG - Element 188/260 updated!
2022-10-24 11:52:28,148 - project - DEBUG - Element 189/260 updated!
2022-10-24 11:52:28,228 - project - DEBUG - Element 190/260 updated!
2022-10-24 11:52:28,311 - project - DEBUG - Element 191/260 updated!
2022-10-24 11:52:28,388 - project - DEBUG - Element 192/260 updated!
2022-10-24 11:52:28,476 - project - DEBUG - Element 193/260 updated!
2022-10-24 11:52:28,565 - project - DEBUG - Element 194/260 updated!
2022-10-24 11:52:28,637 - project - DEBUG - Element 195/260 updated!
2022-10-24 11:52:28,708 - project - DEBUG - Element 196/260 updated!
2022-10-24 11:52:28,788 - project - DEBUG - Element 197/260 updated!
2022-10-24 11:52:28,869 - project - DEBUG - Element 198/260 updated!
2022-10-24 11:52:28,948 - project - DEBUG - Element 199/260 updated!
2022-10-24 11:52:29,029 - project - DEBUG - Element 200/260 updated!
2022-10-24 11:52:29,108 - project - DEBUG - Element 201/260 updated!
2022-10-24 11:52:29,173 - project - DEBUG - Element 202/260 updated!
2022-10-24 11:52:29,228 - project - DEBUG - Element 203/260 updated!
2022-10-24 11:52:29,308 - project - DEBUG - Element 204/260 updated!
2022-10-24 11:52:29,389 - project - DEBUG - Element 205/260 updated!
2022-10-24 11:52:29,478 - project - DEBUG - Element 206/260 updated!
2022-10-24 11:52:29,548 - project - DEBUG - Element 207/260 updated!
2022-10-24 11:52:29,629 - project - DEBUG - Element 208/260 updated!
2022-10-24 11:52:29,715 - project - DEBUG - Element 209/260 updated!
2022-10-24 11:52:29,788 - project - DEBUG - Element 210/260 updated!
2022-10-24 11:52:29,877 - project - DEBUG - Element 211/260 updated!
2022-10-24 11:52:29,949 - project - DEBUG - Element 212/260 updated!
2022-10-24 11:52:30,030 - project - DEBUG - Element 213/260 updated!
2022-10-24 11:52:30,109 - project - DEBUG - Element 214/260 updated!
2022-10-24 11:52:30,188 - project - DEBUG - Element 215/260 updated!
2022-10-24 11:52:30,253 - project - DEBUG - Element 216/260 updated!
2022-10-24 11:52:30,310 - project - DEBUG - Element 217/260 updated!
2022-10-24 11:52:30,371 - project - DEBUG - Element 218/260 updated!
2022-10-24 11:52:30,428 - project - DEBUG - Element 219/260 updated!
2022-10-24 11:52:30,493 - project - DEBUG - Element 220/260 updated!
2022-10-24 11:52:30,580 - project - DEBUG - Element 221/260 updated!
2022-10-24 11:52:30,628 - project - DEBUG - Element 222/260 updated!
2022-10-24 11:52:30,755 - project - DEBUG - Element 223/260 updated!
2022-10-24 11:52:30,829 - project - DEBUG - Element 224/260 updated!
2022-10-24 11:52:30,908 - project - DEBUG - Element 225/260 updated!
2022-10-24 11:52:30,988 - project - DEBUG - Element 226/260 updated!
2022-10-24 11:52:31,054 - project - DEBUG - Element 227/260 updated!
2022-10-24 11:52:31,108 - project - DEBUG - Element 228/260 updated!
2022-10-24 11:52:31,179 - project - DEBUG - Element 229/260 updated!
2022-10-24 11:52:31,269 - project - DEBUG - Element 230/260 updated!
2022-10-24 11:52:31,334 - project - DEBUG - Element 231/260 updated!
2022-10-24 11:52:31,388 - project - DEBUG - Element 232/260 updated!
2022-10-24 11:52:31,468 - project - DEBUG - Element 233/260 updated!
2022-10-24 11:52:31,548 - project - DEBUG - Element 234/260 updated!
2022-10-24 11:52:31,628 - project - DEBUG - Element 235/260 updated!
2022-10-24 11:52:31,708 - project - DEBUG - Element 236/260 updated!
2022-10-24 11:52:31,788 - project - DEBUG - Element 237/260 updated!
2022-10-24 11:52:31,868 - project - DEBUG - Element 238/260 updated!
2022-10-24 11:52:31,948 - project - DEBUG - Element 239/260 updated!
2022-10-24 11:52:32,044 - project - DEBUG - Element 240/260 updated!
2022-10-24 11:52:32,108 - project - DEBUG - Element 241/260 updated!
2022-10-24 11:52:32,188 - project - DEBUG - Element 242/260 updated!
2022-10-24 11:52:32,276 - project - DEBUG - Element 243/260 updated!
2022-10-24 11:52:32,348 - project - DEBUG - Element 244/260 updated!
2022-10-24 11:52:32,430 - project - DEBUG - Element 245/260 updated!
2022-10-24 11:52:32,509 - project - DEBUG - Element 246/260 updated!
2022-10-24 11:52:32,589 - project - DEBUG - Element 247/260 updated!
2022-10-24 11:52:32,676 - project - DEBUG - Element 248/260 updated!
2022-10-24 11:52:32,749 - project - DEBUG - Element 249/260 updated!
2022-10-24 11:52:32,829 - project - DEBUG - Element 250/260 updated!
2022-10-24 11:52:32,908 - project - DEBUG - Element 251/260 updated!
2022-10-24 11:52:32,988 - project - DEBUG - Element 252/260 updated!
2022-10-24 11:52:33,068 - project - DEBUG - Element 253/260 updated!
2022-10-24 11:52:33,149 - project - DEBUG - Element 254/260 updated!
2022-10-24 11:52:33,229 - project - DEBUG - Element 255/260 updated!
2022-10-24 11:52:33,308 - project - DEBUG - Element 256/260 updated!
2022-10-24 11:52:33,388 - project - DEBUG - Element 257/260 updated!
2022-10-24 11:52:33,468 - project - DEBUG - Element 258/260 updated!
2022-10-24 11:52:33,553 - project - DEBUG - Element 259/260 updated!
2022-10-24 11:52:33,637 - project - DEBUG - Element 260/260 updated!
2022-10-24 11:52:43,647 - project - DEBUG - Start fetching the update from vlille
2022-10-24 11:52:43,649 - project - DEBUG - Getting vlille infos
2022-10-24 11:52:44,236 - project - DEBUG - Updating databse : 260 elements to update
2022-10-24 11:52:44,308 - project - DEBUG - Element 1/260 updated!
2022-10-24 11:52:44,368 - project - DEBUG - Element 2/260 updated!
2022-10-24 11:52:44,424 - project - DEBUG - Element 3/260 updated!
2022-10-24 11:52:44,508 - project - DEBUG - Element 4/260 updated!
2022-10-24 11:52:44,620 - project - DEBUG - Element 5/260 updated!
2022-10-24 11:52:44,713 - project - DEBUG - Element 6/260 updated!
2022-10-24 11:52:44,797 - project - DEBUG - Element 7/260 updated!
2022-10-24 11:52:44,877 - project - DEBUG - Element 8/260 updated!
2022-10-24 11:52:44,966 - project - DEBUG - Element 9/260 updated!
2022-10-24 11:52:45,028 - project - DEBUG - Element 10/260 updated!
2022-10-24 11:52:45,113 - project - DEBUG - Element 11/260 updated!
2022-10-24 11:52:45,189 - project - DEBUG - Element 12/260 updated!
2022-10-24 11:52:45,268 - project - DEBUG - Element 13/260 updated!
2022-10-24 11:52:45,349 - project - DEBUG - Element 14/260 updated!
2022-10-24 11:52:45,431 - project - DEBUG - Element 15/260 updated!
2022-10-24 11:52:45,508 - project - DEBUG - Element 16/260 updated!
2022-10-24 11:52:45,590 - project - DEBUG - Element 17/260 updated!
2022-10-24 11:52:45,670 - project - DEBUG - Element 18/260 updated!
2022-10-24 11:52:45,749 - project - DEBUG - Element 19/260 updated!
